<?xml version="1.0" encoding="UTF-8"?>
<testsuite xmlns:xsi="http://www.w3.org/2001/XMLSchema-instance" xsi:noNamespaceSchemaLocation="https://maven.apache.org/surefire/maven-surefire-plugin/xsd/surefire-test-report-3.0.xsd" version="3.0" name="TestSuite" time="37.474" tests="25" errors="0" skipped="4" failures="1">
  <properties>
[...]
</properties>
  <testcase name="openapp" classname="day42.OrangeHrmTest" time="14.887">
    <system-err><![CDATA[SLF4J(W): No SLF4J providers were found.
SLF4J(W): Defaulting to no-operation (NOP) logger implementation
SLF4J(W): See https://www.slf4j.org/codes.html#noProviders for further details.
Oct 28, 2025 11:39:11 AM org.openqa.selenium.devtools.CdpVersionFinder findNearestMatch
WARNING: Unable to find an exact match for CDP version 141, returning the closest version; found: 139; Please update to a Selenium version that supports CDP version 141
]]></system-err>
  </testcase>
  <testcase name="testLogo" classname="day42.OrangeHrmTest" time="7.319">
    <system-out><![CDATA[Logo displayed...false
]]></system-out>
  </testcase>
  <testcase name="testLogin" classname="day42.OrangeHrmTest" time="0.196"/>
  <testcase name="testLogout" classname="day42.OrangeHrmTest" time="0.331"/>
  <testcase name="openapp" classname="day42.Testng" time="0.004">
    <system-out><![CDATA[Opening Application...
]]></system-out>
  </testcase>
  <testcase name="login" classname="day42.Testng" time="0.001">
    <system-out><![CDATA[Login to Application...
]]></system-out>
  </testcase>
  <testcase name="logout" classname="day42.Testng" time="0.0">
    <system-out><![CDATA[Logout from Application...
]]></system-out>
  </testcase>
  <testcase name="loginByEmail" classname="day44.LoginTests" time="0.002">
    <system-out><![CDATA[This is login by email
]]></system-out>
  </testcase>
  <testcase name="loginByFacebook" classname="day44.LoginTests" time="0.002">
    <system-out><![CDATA[This is login by facebook
]]></system-out>
  </testcase>
  <testcase name="loginByTwitter" classname="day44.LoginTests" time="0.002">
    <system-out><![CDATA[This is login by Twitter
]]></system-out>
  </testcase>
  <testcase name="paymentInRuppees" classname="day44.PaymentsTests" time="0.001">
    <system-out><![CDATA[payment in rupees...
]]></system-out>
  </testcase>
  <testcase name="paymentInDollars" classname="day44.PaymentsTests" time="0.003">
    <system-out><![CDATA[payment in dollars...
]]></system-out>
  </testcase>
  <testcase name="signupByEmail" classname="day44.SignupTests" time="0.001">
    <system-out><![CDATA[This is signup by email
]]></system-out>
  </testcase>
  <testcase name="signupByFacebook" classname="day44.SignupTests" time="0.001">
    <system-out><![CDATA[This is signup by facebook
]]></system-out>
  </testcase>
  <testcase name="signupByTwitter" classname="day44.SignupTests" time="0.002">
    <system-out><![CDATA[This is signup by Twitter
]]></system-out>
  </testcase>
  <testcase name="setup" classname="day45.ParamTest" time="0.017">
    <failure message="&#10;Parameter &apos;browser&apos; is required by BeforeClass on method setup but has not been marked @Optional or defined&#10;" type="org.testng.TestNGException"><![CDATA[org.testng.TestNGException: 

Parameter 'browser' is required by BeforeClass on method setup but has not been marked @Optional or defined

	at org.testng.internal.Parameters.createParams(Parameters.java:264)
	at org.testng.internal.Parameters.createParametersForMethod(Parameters.java:352)
	at org.testng.internal.Parameters.createParameters(Parameters.java:690)
	at org.testng.internal.Parameters.createConfigurationParameters(Parameters.java:163)
	at org.testng.internal.invokers.ConfigInvoker.invokeConfigurations(ConfigInvoker.java:313)
	at org.testng.internal.invokers.TestMethodWorker.invokeBeforeClassMethods(TestMethodWorker.java:188)
	at org.testng.internal.invokers.TestMethodWorker.run(TestMethodWorker.java:128)
	at java.base/java.util.ArrayList.forEach(ArrayList.java:1596)
	at org.testng.TestRunner.privateRun(TestRunner.java:741)
	at org.testng.TestRunner.run(TestRunner.java:616)
	at org.testng.SuiteRunner.runTest(SuiteRunner.java:421)
	at org.testng.SuiteRunner.runSequentially(SuiteRunner.java:413)
	at org.testng.SuiteRunner.privateRun(SuiteRunner.java:373)
	at org.testng.SuiteRunner.run(SuiteRunner.java:312)
	at org.testng.SuiteRunnerWorker.runSuite(SuiteRunnerWorker.java:52)
	at org.testng.SuiteRunnerWorker.run(SuiteRunnerWorker.java:95)
	at org.testng.TestNG.runSuitesSequentially(TestNG.java:1274)
	at org.testng.TestNG.runSuitesLocally(TestNG.java:1208)
	at org.testng.TestNG.runSuites(TestNG.java:1112)
	at org.testng.TestNG.run(TestNG.java:1079)
	at org.apache.maven.surefire.testng.TestNGExecutor.run(TestNGExecutor.java:155)
	at org.apache.maven.surefire.testng.TestNGDirectoryTestSuite.executeMulti(TestNGDirectoryTestSuite.java:169)
	at org.apache.maven.surefire.testng.TestNGDirectoryTestSuite.execute(TestNGDirectoryTestSuite.java:88)
	at org.apache.maven.surefire.testng.TestNGProvider.invoke(TestNGProvider.java:137)
	at org.apache.maven.surefire.booter.ForkedBooter.runSuitesInProcess(ForkedBooter.java:385)
	at org.apache.maven.surefire.booter.ForkedBooter.execute(ForkedBooter.java:162)
	at org.apache.maven.surefire.booter.ForkedBooter.run(ForkedBooter.java:507)
	at org.apache.maven.surefire.booter.ForkedBooter.main(ForkedBooter.java:495)
]]></failure>
  </testcase>
  <testcase name="testLogo" classname="day45.ParamTest" time="0.0">
    <skipped message="&#10;Parameter &apos;browser&apos; is required by BeforeClass on method setup but has not been marked @Optional or defined&#10;"/>
  </testcase>
  <testcase name="testTitle" classname="day45.ParamTest" time="0.0">
    <skipped message="&#10;Parameter &apos;browser&apos; is required by BeforeClass on method setup but has not been marked @Optional or defined&#10;"/>
  </testcase>
  <testcase name="testURL" classname="day45.ParamTest" time="0.0">
    <skipped message="&#10;Parameter &apos;browser&apos; is required by BeforeClass on method setup but has not been marked @Optional or defined&#10;"/>
  </testcase>
  <testcase name="teardown" classname="day45.ParamTest" time="0.0">
    <skipped/>
  </testcase>
  <testcase name="testLogin[deepakc0318@gmail.com, Deepakc0318@](1)" classname="day47.LoginTest" time="2.015">
    <system-err><![CDATA[Oct 28, 2025 11:39:35 AM org.openqa.selenium.devtools.CdpVersionFinder findNearestMatch
WARNING: Unable to find an exact match for CDP version 141, returning the closest version; found: 139; Please update to a Selenium version that supports CDP version 141
]]></system-err>
  </testcase>
  <testcase name="testLogin[xyz@gmail.com, test012](2)" classname="day47.LoginTest" time="1.582"/>
  <testcase name="testLogin[john@gmail.com, test@123](3)" classname="day47.LoginTest" time="1.523"/>
  <testcase name="testLogin[pavanol123@gmai.com, test@123](4)" classname="day47.LoginTest" time="1.532"/>
  <testcase name="testLogin[jphncanedy@gmail.com, test](5)" classname="day47.LoginTest" time="1.574"/>
</testsuite>