<?xml version="1.0" encoding="UTF-8"?>
<testng-results ignored="0" total="5" passed="5" failed="0" skipped="0">
  <reporter-output>
  </reporter-output>
  <suite started-at="2025-10-27T16:59:34 IST" name="Default suite" finished-at="2025-10-27T16:59:49 IST" duration-ms="14658">
    <groups>
    </groups>
    <test started-at="2025-10-27T16:59:34 IST" name="Default test" finished-at="2025-10-27T16:59:49 IST" duration-ms="14658">
      <class name="day47.LoginTest">
        <test-method is-config="true" signature="setup()[pri:0, instance:day47.LoginTest@b91d8c4]" started-at="2025-10-27T16:59:34 IST" name="setup" finished-at="2025-10-27T16:59:39 IST" duration-ms="4788" status="PASS">
          <reporter-output>
          </reporter-output>
        </test-method> <!-- setup -->
        <test-method signature="testLogin(java.lang.String,java.lang.String)[pri:0, instance:day47.LoginTest@b91d8c4]" started-at="2025-10-27T16:59:39 IST" name="testLogin" data-provider="dp" finished-at="2025-10-27T16:59:41 IST" duration-ms="2259" status="PASS">
          <params>
            <param index="0">
              <value>
                <![CDATA[deepakc0318@gmail.com]]>
              </value>
            </param>
            <param index="1">
              <value>
                <![CDATA[Deepakc0318@]]>
              </value>
            </param>
          </params>
          <reporter-output>
          </reporter-output>
        </test-method> <!-- testLogin -->
        <test-method signature="testLogin(java.lang.String,java.lang.String)[pri:0, instance:day47.LoginTest@b91d8c4]" started-at="2025-10-27T16:59:41 IST" name="testLogin" data-provider="dp" finished-at="2025-10-27T16:59:43 IST" duration-ms="1724" status="PASS">
          <params>
            <param index="0">
              <value>
                <![CDATA[xyz@gmail.com]]>
              </value>
            </param>
            <param index="1">
              <value>
                <![CDATA[test012]]>
              </value>
            </param>
          </params>
          <reporter-output>
          </reporter-output>
        </test-method> <!-- testLogin -->
        <test-method signature="testLogin(java.lang.String,java.lang.String)[pri:0, instance:day47.LoginTest@b91d8c4]" started-at="2025-10-27T16:59:43 IST" name="testLogin" data-provider="dp" finished-at="2025-10-27T16:59:45 IST" duration-ms="1805" status="PASS">
          <params>
            <param index="0">
              <value>
                <![CDATA[john@gmail.com]]>
              </value>
            </param>
            <param index="1">
              <value>
                <![CDATA[test@123]]>
              </value>
            </param>
          </params>
          <reporter-output>
          </reporter-output>
        </test-method> <!-- testLogin -->
        <test-method signature="testLogin(java.lang.String,java.lang.String)[pri:0, instance:day47.LoginTest@b91d8c4]" started-at="2025-10-27T16:59:45 IST" name="testLogin" data-provider="dp" finished-at="2025-10-27T16:59:46 IST" duration-ms="1805" status="PASS">
          <params>
            <param index="0">
              <value>
                <![CDATA[pavanol123@gmai.com]]>
              </value>
            </param>
            <param index="1">
              <value>
                <![CDATA[test@123]]>
              </value>
            </param>
          </params>
          <reporter-output>
          </reporter-output>
        </test-method> <!-- testLogin -->
        <test-method signature="testLogin(java.lang.String,java.lang.String)[pri:0, instance:day47.LoginTest@b91d8c4]" started-at="2025-10-27T16:59:46 IST" name="testLogin" data-provider="dp" finished-at="2025-10-27T16:59:48 IST" duration-ms="1832" status="PASS">
          <params>
            <param index="0">
              <value>
                <![CDATA[jphncanedy@gmail.com]]>
              </value>
            </param>
            <param index="1">
              <value>
                <![CDATA[test]]>
              </value>
            </param>
          </params>
          <reporter-output>
          </reporter-output>
        </test-method> <!-- testLogin -->
        <test-method is-config="true" signature="tearDown()[pri:0, instance:day47.LoginTest@b91d8c4]" started-at="2025-10-27T16:59:48 IST" name="tearDown" finished-at="2025-10-27T16:59:49 IST" duration-ms="356" status="PASS">
          <reporter-output>
          </reporter-output>
        </test-method> <!-- tearDown -->
      </class> <!-- day47.LoginTest -->
    </test> <!-- Default test -->
  </suite> <!-- Default suite -->
</testng-results>
